<?xml version="1.0" encoding="UTF-8"?>
<testng-results ignored="0" total="1" passed="1" failed="0" skipped="0">
  <reporter-output>
  </reporter-output>
  <suite started-at="2026-07-21T19:08:42 IST" name="Default suite" finished-at="2026-07-21T19:09:09 IST" duration-ms="26846">
    <groups>
    </groups>
    <test started-at="2026-07-21T19:08:42 IST" name="Default test" finished-at="2026-07-21T19:09:09 IST" duration-ms="26846">
      <class name="Test.GreencartTest">
        <test-method is-config="true" signature="setup()[pri:0, instance:Test.GreencartTest@639c2c1d]" started-at="2026-07-21T19:08:43 IST" name="setup" finished-at="2026-07-21T19:08:54 IST" duration-ms="11603" status="PASS">
          <reporter-output>
          </reporter-output>
        </test-method> <!-- setup -->
        <test-method signature="executeGreencartTests()[pri:0, instance:Test.GreencartTest@639c2c1d]" started-at="2026-07-21T19:08:54 IST" name="executeGreencartTests" finished-at="2026-07-21T19:09:09 IST" duration-ms="15180" status="PASS">
          <reporter-output>
          </reporter-output>
        </test-method> <!-- executeGreencartTests -->
      </class> <!-- Test.GreencartTest -->
    </test> <!-- Default test -->
  </suite> <!-- Default suite -->
</testng-results>
