<?xml version="1.0" encoding="UTF-8"?>
<testng-results ignored="0" total="1" passed="1" failed="0" skipped="0">
  <reporter-output>
  </reporter-output>
  <suite started-at="2026-05-15T23:46:00 IST" name="Default suite" finished-at="2026-05-15T23:46:12 IST" duration-ms="12158">
    <groups>
    </groups>
    <test started-at="2026-05-15T23:46:00 IST" name="Default test" finished-at="2026-05-15T23:46:12 IST" duration-ms="12158">
      <class name="Test.GreencartTest">
        <test-method is-config="true" signature="setup()[pri:0, instance:Test.GreencartTest@1fa121e2]" started-at="2026-05-15T23:46:00 IST" name="setup" finished-at="2026-05-15T23:46:04 IST" duration-ms="4131" status="PASS">
          <reporter-output>
          </reporter-output>
        </test-method> <!-- setup -->
        <test-method signature="executeGreencartTests()[pri:0, instance:Test.GreencartTest@1fa121e2]" started-at="2026-05-15T23:46:04 IST" name="executeGreencartTests" finished-at="2026-05-15T23:46:12 IST" duration-ms="7982" status="PASS">
          <reporter-output>
          </reporter-output>
        </test-method> <!-- executeGreencartTests -->
      </class> <!-- Test.GreencartTest -->
    </test> <!-- Default test -->
  </suite> <!-- Default suite -->
</testng-results>
